-------------------------------------------------------------------------------
Test set: MicroserviceUserServiceApplicationTests
-------------------------------------------------------------------------------
Tests run: 1, Failures: 1, Errors: 0, Skipped: 0, Time elapsed: 1.775 sec <<< FAILURE! - in MicroserviceUserServiceApplicationTests
findUserTest(MicroserviceUserServiceApplicationTests)  Time elapsed: 0.204 sec  <<< FAILURE!
java.lang.AssertionError: Status expected:<200> but was:<404>
	at org.springframework.test.util.AssertionErrors.fail(AssertionErrors.java:54)
	at org.springframework.test.util.AssertionErrors.assertEquals(AssertionErrors.java:81)
	at org.springframework.test.web.servlet.result.StatusResultMatchers$10.match(StatusResultMatchers.java:664)
	at org.springframework.test.web.servlet.MockMvc$1.andExpect(MockMvc.java:171)
	at MicroserviceUserServiceApplicationTests.findUserTest(MicroserviceUserServiceApplicationTests.java:39)

