<?xml version="1.0" encoding="UTF-8"?>
<testsuite name="MicroserviceUserServiceApplicationTests" time="0.204" tests="1" errors="0" skipped="0" failures="1">
  <properties>
[...]
</properties>
  <testcase name="findUserTest" classname="MicroserviceUserServiceApplicationTests" time="0.204">
    <failure message="Status expected:&lt;200&gt; but was:&lt;404&gt;" type="java.lang.AssertionError"><![CDATA[java.lang.AssertionError: Status expected:<200> but was:<404>
	at org.springframework.test.util.AssertionErrors.fail(AssertionErrors.java:54)
	at org.springframework.test.util.AssertionErrors.assertEquals(AssertionErrors.java:81)
	at org.springframework.test.web.servlet.result.StatusResultMatchers$10.match(StatusResultMatchers.java:664)
	at org.springframework.test.web.servlet.MockMvc$1.andExpect(MockMvc.java:171)
	at MicroserviceUserServiceApplicationTests.findUserTest(MicroserviceUserServiceApplicationTests.java:39)
]]></failure>
    <system-out><![CDATA[21:53:18.151 [main] DEBUG org.springframework.test.context.junit4.SpringJUnit4ClassRunner - SpringJUnit4ClassRunner constructor called with [class MicroserviceUserServiceApplicationTests]
21:53:18.157 [main] DEBUG org.springframework.test.context.BootstrapUtils - Instantiating CacheAwareContextLoaderDelegate from class [org.springframework.test.context.cache.DefaultCacheAwareContextLoaderDelegate]
21:53:18.164 [main] DEBUG org.springframework.test.context.BootstrapUtils - Instantiating BootstrapContext using constructor [public org.springframework.test.context.support.DefaultBootstrapContext(java.lang.Class,org.springframework.test.context.CacheAwareContextLoaderDelegate)]
21:53:18.179 [main] DEBUG org.springframework.test.context.BootstrapUtils - Instantiating TestContextBootstrapper for test class [MicroserviceUserServiceApplicationTests] from class [org.springframework.boot.test.context.SpringBootTestContextBootstrapper]
21:53:18.192 [main] INFO org.springframework.boot.test.context.SpringBootTestContextBootstrapper - Neither @ContextConfiguration nor @ContextHierarchy found for test class [MicroserviceUserServiceApplicationTests], using SpringBootContextLoader
21:53:18.196 [main] DEBUG org.springframework.test.context.support.AbstractContextLoader - Did not detect default resource location for test class [MicroserviceUserServiceApplicationTests]: class path resource [MicroserviceUserServiceApplicationTests-context.xml] does not exist
21:53:18.196 [main] DEBUG org.springframework.test.context.support.AbstractContextLoader - Did not detect default resource location for test class [MicroserviceUserServiceApplicationTests]: class path resource [MicroserviceUserServiceApplicationTestsContext.groovy] does not exist
21:53:18.196 [main] INFO org.springframework.test.context.support.AbstractContextLoader - Could not detect default resource locations for test class [MicroserviceUserServiceApplicationTests]: no resource found for suffixes {-context.xml, Context.groovy}.
21:53:18.250 [main] DEBUG org.springframework.test.context.support.ActiveProfilesUtils - Could not find an 'annotation declaring class' for annotation type [org.springframework.test.context.ActiveProfiles] and class [MicroserviceUserServiceApplicationTests]
21:53:18.255 [main] DEBUG org.springframework.boot.test.context.SpringBootTestContextBootstrapper - @TestExecutionListeners is not present for class [MicroserviceUserServiceApplicationTests]: using defaults.
21:53:18.261 [main] INFO org.springframework.boot.test.context.SpringBootTestContextBootstrapper - Loaded default TestExecutionListener class names from location [META-INF/spring.factories]: [org.springframework.boot.test.mock.mockito.MockitoTestExecutionListener, org.springframework.boot.test.mock.mockito.ResetMocksTestExecutionListener, org.springframework.boot.test.autoconfigure.restdocs.RestDocsTestExecutionListener, org.springframework.boot.test.autoconfigure.web.client.MockRestServiceServerResetTestExecutionListener, org.springframework.boot.test.autoconfigure.web.servlet.MockMvcPrintOnlyOnFailureTestExecutionListener, org.springframework.boot.test.autoconfigure.web.servlet.WebDriverTestExecutionListener, org.springframework.test.context.web.ServletTestExecutionListener, org.springframework.test.context.support.DirtiesContextBeforeModesTestExecutionListener, org.springframework.test.context.support.DependencyInjectionTestExecutionListener, org.springframework.test.context.support.DirtiesContextTestExecutionListener, org.springframework.test.context.transaction.TransactionalTestExecutionListener, org.springframework.test.context.jdbc.SqlScriptsTestExecutionListener]
21:53:18.278 [main] INFO org.springframework.boot.test.context.SpringBootTestContextBootstrapper - Could not instantiate TestExecutionListener [org.springframework.test.context.transaction.TransactionalTestExecutionListener]. Specify custom listener classes or make the default listener classes (and their required dependencies) available. Offending class: [org/springframework/transaction/interceptor/TransactionAttributeSource]
21:53:18.279 [main] INFO org.springframework.boot.test.context.SpringBootTestContextBootstrapper - Could not instantiate TestExecutionListener [org.springframework.test.context.jdbc.SqlScriptsTestExecutionListener]. Specify custom listener classes or make the default listener classes (and their required dependencies) available. Offending class: [org/springframework/transaction/interceptor/TransactionAttribute]
21:53:18.280 [main] INFO org.springframework.boot.test.context.SpringBootTestContextBootstrapper - Using TestExecutionListeners: [org.springframework.test.context.web.ServletTestExecutionListener@5c072e3f, org.springframework.test.context.support.DirtiesContextBeforeModesTestExecutionListener@4d1b0d2a, org.springframework.boot.test.autoconfigure.SpringBootDependencyInjectionTestExecutionListener@954b04f, org.springframework.test.context.support.DirtiesContextTestExecutionListener@149494d8, org.springframework.boot.test.autoconfigure.web.servlet.MockMvcPrintOnlyOnFailureTestExecutionListener@710726a3, org.springframework.boot.test.mock.mockito.ResetMocksTestExecutionListener@646007f4, org.springframework.boot.test.autoconfigure.web.servlet.WebDriverTestExecutionListener@481a15ff, org.springframework.boot.test.autoconfigure.restdocs.RestDocsTestExecutionListener@78186a70, org.springframework.boot.test.mock.mockito.MockitoTestExecutionListener@306279ee, org.springframework.boot.test.autoconfigure.web.client.MockRestServiceServerResetTestExecutionListener@545997b1]
21:53:18.283 [main] DEBUG org.springframework.test.annotation.ProfileValueUtils - Retrieved @ProfileValueSourceConfiguration [null] for test class [MicroserviceUserServiceApplicationTests]
21:53:18.283 [main] DEBUG org.springframework.test.annotation.ProfileValueUtils - Retrieved ProfileValueSource type [class org.springframework.test.annotation.SystemProfileValueSource] for class [MicroserviceUserServiceApplicationTests]
21:53:18.286 [main] DEBUG org.springframework.test.context.junit4.SpringJUnit4ClassRunner - SpringJUnit4ClassRunner constructor called with [class MicroserviceUserServiceApplicationTests]
21:53:18.287 [main] DEBUG org.springframework.test.context.BootstrapUtils - Instantiating CacheAwareContextLoaderDelegate from class [org.springframework.test.context.cache.DefaultCacheAwareContextLoaderDelegate]
21:53:18.287 [main] DEBUG org.springframework.test.context.BootstrapUtils - Instantiating BootstrapContext using constructor [public org.springframework.test.context.support.DefaultBootstrapContext(java.lang.Class,org.springframework.test.context.CacheAwareContextLoaderDelegate)]
21:53:18.287 [main] DEBUG org.springframework.test.context.BootstrapUtils - Instantiating TestContextBootstrapper for test class [MicroserviceUserServiceApplicationTests] from class [org.springframework.boot.test.context.SpringBootTestContextBootstrapper]
21:53:18.288 [main] INFO org.springframework.boot.test.context.SpringBootTestContextBootstrapper - Neither @ContextConfiguration nor @ContextHierarchy found for test class [MicroserviceUserServiceApplicationTests], using SpringBootContextLoader
21:53:18.288 [main] DEBUG org.springframework.test.context.support.AbstractContextLoader - Did not detect default resource location for test class [MicroserviceUserServiceApplicationTests]: class path resource [MicroserviceUserServiceApplicationTests-context.xml] does not exist
21:53:18.289 [main] DEBUG org.springframework.test.context.support.AbstractContextLoader - Did not detect default resource location for test class [MicroserviceUserServiceApplicationTests]: class path resource [MicroserviceUserServiceApplicationTestsContext.groovy] does not exist
21:53:18.289 [main] INFO org.springframework.test.context.support.AbstractContextLoader - Could not detect default resource locations for test class [MicroserviceUserServiceApplicationTests]: no resource found for suffixes {-context.xml, Context.groovy}.
21:53:18.296 [main] DEBUG org.springframework.test.context.support.ActiveProfilesUtils - Could not find an 'annotation declaring class' for annotation type [org.springframework.test.context.ActiveProfiles] and class [MicroserviceUserServiceApplicationTests]
21:53:18.298 [main] DEBUG org.springframework.boot.test.context.SpringBootTestContextBootstrapper - @TestExecutionListeners is not present for class [MicroserviceUserServiceApplicationTests]: using defaults.
21:53:18.304 [main] INFO org.springframework.boot.test.context.SpringBootTestContextBootstrapper - Loaded default TestExecutionListener class names from location [META-INF/spring.factories]: [org.springframework.boot.test.mock.mockito.MockitoTestExecutionListener, org.springframework.boot.test.mock.mockito.ResetMocksTestExecutionListener, org.springframework.boot.test.autoconfigure.restdocs.RestDocsTestExecutionListener, org.springframework.boot.test.autoconfigure.web.client.MockRestServiceServerResetTestExecutionListener, org.springframework.boot.test.autoconfigure.web.servlet.MockMvcPrintOnlyOnFailureTestExecutionListener, org.springframework.boot.test.autoconfigure.web.servlet.WebDriverTestExecutionListener, org.springframework.test.context.web.ServletTestExecutionListener, org.springframework.test.context.support.DirtiesContextBeforeModesTestExecutionListener, org.springframework.test.context.support.DependencyInjectionTestExecutionListener, org.springframework.test.context.support.DirtiesContextTestExecutionListener, org.springframework.test.context.transaction.TransactionalTestExecutionListener, org.springframework.test.context.jdbc.SqlScriptsTestExecutionListener]
21:53:18.311 [main] INFO org.springframework.boot.test.context.SpringBootTestContextBootstrapper - Could not instantiate TestExecutionListener [org.springframework.test.context.transaction.TransactionalTestExecutionListener]. Specify custom listener classes or make the default listener classes (and their required dependencies) available. Offending class: [org/springframework/transaction/interceptor/TransactionAttributeSource]
21:53:18.312 [main] INFO org.springframework.boot.test.context.SpringBootTestContextBootstrapper - Could not instantiate TestExecutionListener [org.springframework.test.context.jdbc.SqlScriptsTestExecutionListener]. Specify custom listener classes or make the default listener classes (and their required dependencies) available. Offending class: [org/springframework/transaction/interceptor/TransactionAttribute]
21:53:18.313 [main] INFO org.springframework.boot.test.context.SpringBootTestContextBootstrapper - Using TestExecutionListeners: [org.springframework.test.context.web.ServletTestExecutionListener@7181ae3f, org.springframework.test.context.support.DirtiesContextBeforeModesTestExecutionListener@46238e3f, org.springframework.boot.test.autoconfigure.SpringBootDependencyInjectionTestExecutionListener@6e2c9341, org.springframework.test.context.support.DirtiesContextTestExecutionListener@32464a14, org.springframework.boot.test.autoconfigure.web.servlet.MockMvcPrintOnlyOnFailureTestExecutionListener@4e4aea35, org.springframework.boot.test.mock.mockito.ResetMocksTestExecutionListener@1442d7b5, org.springframework.boot.test.autoconfigure.web.servlet.WebDriverTestExecutionListener@1efee8e7, org.springframework.boot.test.autoconfigure.restdocs.RestDocsTestExecutionListener@1ee807c6, org.springframework.boot.test.mock.mockito.MockitoTestExecutionListener@76a4d6c, org.springframework.boot.test.autoconfigure.web.client.MockRestServiceServerResetTestExecutionListener@517cd4b]
21:53:18.313 [main] DEBUG org.springframework.test.annotation.ProfileValueUtils - Retrieved @ProfileValueSourceConfiguration [null] for test class [MicroserviceUserServiceApplicationTests]
21:53:18.313 [main] DEBUG org.springframework.test.annotation.ProfileValueUtils - Retrieved ProfileValueSource type [class org.springframework.test.annotation.SystemProfileValueSource] for class [MicroserviceUserServiceApplicationTests]
21:53:18.314 [main] DEBUG org.springframework.test.annotation.ProfileValueUtils - Retrieved @ProfileValueSourceConfiguration [null] for test class [MicroserviceUserServiceApplicationTests]
21:53:18.314 [main] DEBUG org.springframework.test.annotation.ProfileValueUtils - Retrieved ProfileValueSource type [class org.springframework.test.annotation.SystemProfileValueSource] for class [MicroserviceUserServiceApplicationTests]
21:53:18.319 [main] DEBUG org.springframework.test.context.support.AbstractDirtiesContextTestExecutionListener - Before test class: context [DefaultTestContext@701fc37a testClass = MicroserviceUserServiceApplicationTests, testInstance = [null], testMethod = [null], testException = [null], mergedContextConfiguration = [WebMergedContextConfiguration@4148db48 testClass = MicroserviceUserServiceApplicationTests, locations = '{}', classes = '{class MicroserviceUserServiceApplicationTests, class MicroserviceUserServiceApplicationTests}', contextInitializerClasses = '[]', activeProfiles = '{}', propertySourceLocations = '{}', propertySourceProperties = '{org.springframework.boot.test.context.SpringBootTestContextBootstrapper=true}', contextCustomizers = set[org.springframework.boot.test.context.SpringBootTestContextCustomizer@2833cc44, org.springframework.boot.test.context.filter.ExcludeFilterContextCustomizer@2d8f65a4, org.springframework.boot.test.mock.mockito.MockitoContextCustomizer@0, org.springframework.boot.test.autoconfigure.properties.PropertyMappingContextCustomizer@0, org.springframework.boot.test.autoconfigure.web.servlet.WebDriverContextCustomizerFactory$Customizer@3dfc5fb8], resourceBasePath = 'src/main/webapp', contextLoader = 'org.springframework.boot.test.context.SpringBootContextLoader', parent = [null]]], class annotated with @DirtiesContext [false] with mode [null].
21:53:18.319 [main] DEBUG org.springframework.test.annotation.ProfileValueUtils - Retrieved @ProfileValueSourceConfiguration [null] for test class [MicroserviceUserServiceApplicationTests]
21:53:18.320 [main] DEBUG org.springframework.test.annotation.ProfileValueUtils - Retrieved ProfileValueSource type [class org.springframework.test.annotation.SystemProfileValueSource] for class [MicroserviceUserServiceApplicationTests]
21:53:18.403 [main] DEBUG org.springframework.core.env.StandardEnvironment - Adding [systemProperties] PropertySource with lowest search precedence
21:53:18.404 [main] DEBUG org.springframework.core.env.StandardEnvironment - Adding [systemEnvironment] PropertySource with lowest search precedence
21:53:18.404 [main] DEBUG org.springframework.core.env.StandardEnvironment - Initialized StandardEnvironment with PropertySources [systemProperties,systemEnvironment]
21:53:18.406 [main] DEBUG org.springframework.core.env.MutablePropertySources - Adding [inline] PropertySource with highest search precedence
21:53:18.412 [main] DEBUG org.springframework.test.context.support.TestPropertySourceUtils - Adding inlined properties to environment: {spring.jmx.enabled=false, org.springframework.boot.test.context.SpringBootTestContextBootstrapper=true, server.port=-1}
21:53:18.413 [main] DEBUG org.springframework.core.env.StandardEnvironment - Adding [Inlined Test Properties] PropertySource with highest search precedence
2017-03-19 21:53:19.009  INFO 16268 --- [           main] s.c.a.AnnotationConfigApplicationContext : Refreshing org.springframework.context.annotation.AnnotationConfigApplicationContext@7d4f9aae: startup date [Sun Mar 19 21:53:19 CST 2017]; root of context hierarchy
2017-03-19 21:53:19.235  INFO 16268 --- [           main] f.a.AutowiredAnnotationBeanPostProcessor : JSR-330 'javax.inject.Inject' annotation found and supported for autowiring
2017-03-19 21:53:19.280  INFO 16268 --- [           main] trationDelegate$BeanPostProcessorChecker : Bean 'configurationPropertiesRebinderAutoConfiguration' of type [org.springframework.cloud.autoconfigure.ConfigurationPropertiesRebinderAutoConfiguration$$EnhancerBySpringCGLIB$$b0d4eaf1] is not eligible for getting processed by all BeanPostProcessors (for example: not eligible for auto-proxying)

  .   ____          _            __ _ _
 /\\ / ___'_ __ _ _(_)_ __  __ _ \ \ \ \
( ( )\___ | '_ | '_| | '_ \/ _` | \ \ \ \
 \\/  ___)| |_)| | | | | || (_| |  ) ) ) )
  '  |____| .__|_| |_|_| |_\__, | / / / /
 =========|_|==============|___/=/_/_/_/
 :: Spring Boot ::        (v1.5.2.RELEASE)

2017-03-19 21:53:19.791  INFO 16268 --- [           main] MicroserviceUserServiceApplicationTests  : No active profile set, falling back to default profiles: default
2017-03-19 21:53:19.793  INFO 16268 --- [           main] o.s.w.c.s.GenericWebApplicationContext   : Refreshing org.springframework.web.context.support.GenericWebApplicationContext@55795845: startup date [Sun Mar 19 21:53:19 CST 2017]; parent: org.springframework.context.annotation.AnnotationConfigApplicationContext@7d4f9aae
2017-03-19 21:53:19.816  INFO 16268 --- [           main] f.a.AutowiredAnnotationBeanPostProcessor : JSR-330 'javax.inject.Inject' annotation found and supported for autowiring
2017-03-19 21:53:19.847  INFO 16268 --- [           main] MicroserviceUserServiceApplicationTests  : Started MicroserviceUserServiceApplicationTests in 1.424 seconds (JVM running for 2.495)
2017-03-19 21:53:19.910  INFO 16268 --- [           main] o.s.b.t.m.w.SpringBootMockServletContext : Initializing Spring FrameworkServlet ''
2017-03-19 21:53:19.910  INFO 16268 --- [           main] o.s.t.web.servlet.TestDispatcherServlet  : FrameworkServlet '': initialization started
2017-03-19 21:53:20.016  INFO 16268 --- [           main] o.s.t.web.servlet.TestDispatcherServlet  : FrameworkServlet '': initialization completed in 106 ms
2017-03-19 21:53:20.051  WARN 16268 --- [           main] o.s.web.servlet.PageNotFound             : No mapping found for HTTP request with URI [/user/5] in DispatcherServlet with name ''
]]></system-out>
  </testcase>
</testsuite>